c:\klink\engine\klink\debug\klink.pch
c:\klink\debug\klink.pdb
c:\klink\debug\klink.idb
c:\klink\engine\klink\debug\precompiled.obj
c:\klink\engine\klink\debug\world.obj
c:\klink\engine\klink\debug\transformcomponent.obj
c:\klink\engine\klink\debug\service.obj
c:\klink\engine\klink\debug\metaregistration.obj
c:\klink\engine\klink\debug\klink.obj
c:\klink\engine\klink\debug\gameobjectfactory.obj
c:\klink\engine\klink\debug\gameobject.obj
c:\klink\engine\klink\debug\editor.obj
c:\klink\engine\klink\debug\component.obj
c:\klink\engine\klink\debug\collidercomponent.obj
c:\klink\engine\klink\debug\app.obj
c:\klink\debug\klink.lib
c:\klink\engine\klink\debug\klink.tlog\cl.command.1.tlog
c:\klink\engine\klink\debug\klink.tlog\cl.read.1.tlog
c:\klink\engine\klink\debug\klink.tlog\cl.write.1.tlog
c:\klink\engine\klink\debug\klink.tlog\lib-link.read.1.tlog
c:\klink\engine\klink\debug\klink.tlog\lib-link.write.1.tlog
c:\klink\engine\klink\debug\klink.tlog\lib.command.1.tlog
