c:\klink\framework\ai\debug\ai.pch
c:\klink\debug\ai.pdb
c:\klink\debug\ai.idb
c:\klink\framework\ai\debug\precompiled.obj
c:\klink\framework\ai\debug\wanderbehaviour.obj
c:\klink\framework\ai\debug\wallavoidancebehaviour.obj
c:\klink\framework\ai\debug\visualsensor.obj
c:\klink\framework\ai\debug\steeringmodule.obj
c:\klink\framework\ai\debug\separationbehaviour.obj
c:\klink\framework\ai\debug\sensor.obj
c:\klink\framework\ai\debug\seekbehaviour.obj
c:\klink\framework\ai\debug\pursuitbehaviour.obj
c:\klink\framework\ai\debug\perceptionmodule.obj
c:\klink\framework\ai\debug\obstacleavoidancebehaviour.obj
c:\klink\framework\ai\debug\fleebehaviour.obj
c:\klink\framework\ai\debug\evadebehaviour.obj
c:\klink\framework\ai\debug\arrivebehaviour.obj
c:\klink\framework\ai\debug\cohesionbehaviour.obj
c:\klink\framework\ai\debug\alignmentbehaviour.obj
c:\klink\framework\ai\debug\aiworld.obj
c:\klink\framework\ai\debug\agent.obj
c:\klink\debug\ai.lib
c:\klink\framework\ai\debug\ai.tlog\cl.command.1.tlog
c:\klink\framework\ai\debug\ai.tlog\cl.read.1.tlog
c:\klink\framework\ai\debug\ai.tlog\cl.write.1.tlog
c:\klink\framework\ai\debug\ai.tlog\lib-link.read.1.tlog
c:\klink\framework\ai\debug\ai.tlog\lib-link.write.1.tlog
c:\klink\framework\ai\debug\ai.tlog\lib.command.1.tlog
