c:\klink\framework\ai\x64\release\ai.pch
c:\klink\x64\release\ai.pdb
c:\klink\framework\ai\x64\release\precompiled.obj
c:\klink\framework\ai\x64\release\wanderbehaviour.obj
c:\klink\framework\ai\x64\release\wallavoidancebehaviour.obj
c:\klink\framework\ai\x64\release\visualsensor.obj
c:\klink\framework\ai\x64\release\steeringmodule.obj
c:\klink\framework\ai\x64\release\separationbehaviour.obj
c:\klink\framework\ai\x64\release\sensor.obj
c:\klink\framework\ai\x64\release\seekbehaviour.obj
c:\klink\framework\ai\x64\release\pursuitbehaviour.obj
c:\klink\framework\ai\x64\release\perceptionmodule.obj
c:\klink\framework\ai\x64\release\obstacleavoidancebehaviour.obj
c:\klink\framework\ai\x64\release\fleebehaviour.obj
c:\klink\framework\ai\x64\release\evadebehaviour.obj
c:\klink\framework\ai\x64\release\arrivebehaviour.obj
c:\klink\framework\ai\x64\release\cohesionbehaviour.obj
c:\klink\framework\ai\x64\release\alignmentbehaviour.obj
c:\klink\framework\ai\x64\release\aiworld.obj
c:\klink\framework\ai\x64\release\agent.obj
c:\klink\x64\release\ai.lib
c:\klink\framework\ai\x64\release\ai.tlog\cl.command.1.tlog
c:\klink\framework\ai\x64\release\ai.tlog\cl.read.1.tlog
c:\klink\framework\ai\x64\release\ai.tlog\cl.write.1.tlog
c:\klink\framework\ai\x64\release\ai.tlog\lib-link.read.1.tlog
c:\klink\framework\ai\x64\release\ai.tlog\lib-link.write.1.tlog
c:\klink\framework\ai\x64\release\ai.tlog\lib.command.1.tlog
