c:\klink\framework\core\x64\release\core.pch
c:\klink\x64\release\core.pdb
c:\klink\framework\core\x64\release\precompiled.obj
c:\klink\framework\core\x64\release\timer.obj
c:\klink\framework\core\x64\release\windowmessagehandler.obj
c:\klink\framework\core\x64\release\window.obj
c:\klink\framework\core\x64\release\metatype.obj
c:\klink\framework\core\x64\release\metaregistry.obj
c:\klink\framework\core\x64\release\metapointer.obj
c:\klink\framework\core\x64\release\metafield.obj
c:\klink\framework\core\x64\release\metaclass.obj
c:\klink\framework\core\x64\release\metaarray.obj
c:\klink\framework\core\x64\release\metaregistration.obj
c:\klink\framework\core\x64\release\blockallocator.obj
c:\klink\x64\release\core.lib
c:\klink\framework\core\x64\release\core.tlog\cl.command.1.tlog
c:\klink\framework\core\x64\release\core.tlog\cl.read.1.tlog
c:\klink\framework\core\x64\release\core.tlog\cl.write.1.tlog
c:\klink\framework\core\x64\release\core.tlog\lib-link.read.1.tlog
c:\klink\framework\core\x64\release\core.tlog\lib-link.write.1.tlog
c:\klink\framework\core\x64\release\core.tlog\lib.command.1.tlog
