c:\klink\framework\graphics\debug\graphics.pch
c:\klink\debug\graphics.pdb
c:\klink\debug\graphics.idb
c:\klink\framework\graphics\debug\precompiled.obj
c:\klink\framework\graphics\debug\graphicssystem.obj
c:\klink\framework\graphics\debug\debugui.obj
c:\klink\framework\graphics\debug\constantbuffer.obj
c:\klink\framework\graphics\debug\camera.obj
c:\klink\framework\graphics\debug\spriterenderer.obj
c:\klink\framework\graphics\debug\sprite.obj
c:\klink\framework\graphics\debug\skeleton.obj
c:\klink\framework\graphics\debug\shadermanager.obj
c:\klink\framework\graphics\debug\d3dutilities.obj
c:\klink\framework\graphics\debug\samplermanager.obj
c:\klink\framework\graphics\debug\rendertarget.obj
c:\klink\framework\graphics\debug\rasterizerstatemanager.obj
c:\klink\framework\graphics\debug\rasterizerstate.obj
c:\klink\framework\graphics\debug\model.obj
c:\klink\framework\graphics\debug\meshio.obj
c:\klink\framework\graphics\debug\blendstatemanager.obj
c:\klink\framework\graphics\debug\blendstate.obj
c:\klink\framework\graphics\debug\animator.obj
c:\klink\framework\graphics\debug\animationbuilder.obj
c:\klink\framework\graphics\debug\animation.obj
c:\klink\framework\graphics\debug\vertexshader.obj
c:\klink\framework\graphics\debug\texturemanager.obj
c:\klink\framework\graphics\debug\texture.obj
c:\klink\framework\graphics\debug\simpledraw.obj
c:\klink\framework\graphics\debug\sampler.obj
c:\klink\framework\graphics\debug\pixelshader.obj
c:\klink\framework\graphics\debug\meshbuilder.obj
c:\klink\framework\graphics\debug\meshbuffer.obj
c:\klink\debug\graphics.lib
c:\klink\framework\graphics\debug\graphics.tlog\cl.command.1.tlog
c:\klink\framework\graphics\debug\graphics.tlog\cl.read.1.tlog
c:\klink\framework\graphics\debug\graphics.tlog\cl.write.1.tlog
c:\klink\framework\graphics\debug\graphics.tlog\lib-link.read.1.tlog
c:\klink\framework\graphics\debug\graphics.tlog\lib-link.write.1.tlog
c:\klink\framework\graphics\debug\graphics.tlog\lib.command.1.tlog
