c:\projects\klink\framework\core\x64\debug\core.pch
c:\projects\klink\x64\debug\core.pdb
c:\projects\klink\x64\debug\core.idb
c:\projects\klink\framework\core\x64\debug\precompiled.obj
c:\projects\klink\framework\core\x64\debug\timer.obj
c:\projects\klink\framework\core\x64\debug\windowmessagehandler.obj
c:\projects\klink\framework\core\x64\debug\window.obj
c:\projects\klink\framework\core\x64\debug\metatype.obj
c:\projects\klink\framework\core\x64\debug\metaregistry.obj
c:\projects\klink\framework\core\x64\debug\metapointer.obj
c:\projects\klink\framework\core\x64\debug\metafield.obj
c:\projects\klink\framework\core\x64\debug\metaclass.obj
c:\projects\klink\framework\core\x64\debug\metaarray.obj
c:\projects\klink\framework\core\x64\debug\metaregistration.obj
c:\projects\klink\framework\core\x64\debug\blockallocator.obj
c:\projects\klink\x64\debug\core.lib
c:\projects\klink\framework\core\x64\debug\core.tlog\cl.command.1.tlog
c:\projects\klink\framework\core\x64\debug\core.tlog\cl.read.1.tlog
c:\projects\klink\framework\core\x64\debug\core.tlog\cl.write.1.tlog
c:\projects\klink\framework\core\x64\debug\core.tlog\lib-link.read.1.tlog
c:\projects\klink\framework\core\x64\debug\core.tlog\lib-link.write.1.tlog
c:\projects\klink\framework\core\x64\debug\core.tlog\lib.command.1.tlog
