  Precompiled.cpp
  BlockAllocator.cpp
C:\Projects\Klink\Framework\Core\Src\BlockAllocator.cpp(47,35): warning C4267: 'argument': conversion from 'size_t' to 'int', possible loss of data
C:\Projects\Klink\Framework\Core\Src\BlockAllocator.cpp(47,80): warning C4267: 'argument': conversion from 'size_t' to 'int', possible loss of data
C:\Projects\Klink\Framework\Core\Src\BlockAllocator.cpp(48,34): warning C4267: 'argument': conversion from 'size_t' to 'int', possible loss of data
C:\Projects\Klink\Framework\Core\Src\BlockAllocator.cpp(73,56): warning C4267: 'initializing': conversion from 'size_t' to 'uint32_t', possible loss of data
  MetaRegistration.cpp
  MetaArray.cpp
  MetaClass.cpp
  MetaField.cpp
  MetaPointer.cpp
  MetaRegistry.cpp
  MetaType.cpp
  Window.cpp
  WindowMessageHandler.cpp
  Timer.cpp
C:\Projects\Klink\Framework\Core\Src\Timer.cpp(64,27): warning C4244: '+=': conversion from 'float' to 'unsigned long', possible loss of data
C:\Projects\Klink\Framework\Core\Src\Timer.cpp(68,10): warning C4244: '=': conversion from 'int' to 'float', possible loss of data
  Generating Code...
MetaClass.obj : warning LNK4006: "public: virtual void __cdecl Klink::Core::Meta::MetaType::Serialize(void const *,class rapidjson::GenericValue<struct rapidjson::UTF8<char>,class rapidjson::MemoryPoolAllocator<class rapidjson::CrtAllocator> > &)const " (?Serialize@MetaType@Meta@Core@Klink@@UEBAXPEBXAEAV?$GenericValue@U?$UTF8@D@rapidjson@@V?$MemoryPoolAllocator@VCrtAllocator@rapidjson@@@2@@rapidjson@@@Z) already defined in MetaType.obj; second definition ignored
  Core.vcxproj -> C:\Projects\Klink\x64\Debug\Core.lib
