c:\klink\framework\core\debug\core.pch
c:\klink\debug\core.pdb
c:\klink\debug\core.idb
c:\klink\framework\core\debug\precompiled.obj
c:\klink\framework\core\debug\timer.obj
c:\klink\framework\core\debug\windowmessagehandler.obj
c:\klink\framework\core\debug\window.obj
c:\klink\framework\core\debug\metatype.obj
c:\klink\framework\core\debug\metaregistry.obj
c:\klink\framework\core\debug\metapointer.obj
c:\klink\framework\core\debug\metafield.obj
c:\klink\framework\core\debug\metaclass.obj
c:\klink\framework\core\debug\metaarray.obj
c:\klink\framework\core\debug\metaregistration.obj
c:\klink\framework\core\debug\blockallocator.obj
c:\klink\debug\core.lib
c:\klink\framework\core\debug\core.tlog\cl.command.1.tlog
c:\klink\framework\core\debug\core.tlog\cl.read.1.tlog
c:\klink\framework\core\debug\core.tlog\cl.write.1.tlog
c:\klink\framework\core\debug\core.tlog\lib-link.read.1.tlog
c:\klink\framework\core\debug\core.tlog\lib-link.write.1.tlog
c:\klink\framework\core\debug\core.tlog\lib.command.1.tlog
