c:\klink\framework\graphics\x64\release\graphics.pch
c:\klink\x64\release\graphics.pdb
c:\klink\framework\graphics\x64\release\precompiled.obj
c:\klink\framework\graphics\x64\release\graphicssystem.obj
c:\klink\framework\graphics\x64\release\debugui.obj
c:\klink\framework\graphics\x64\release\constantbuffer.obj
c:\klink\framework\graphics\x64\release\camera.obj
c:\klink\framework\graphics\x64\release\spriterenderer.obj
c:\klink\framework\graphics\x64\release\sprite.obj
c:\klink\framework\graphics\x64\release\skeleton.obj
c:\klink\framework\graphics\x64\release\shadermanager.obj
c:\klink\framework\graphics\x64\release\d3dutilities.obj
c:\klink\framework\graphics\x64\release\samplermanager.obj
c:\klink\framework\graphics\x64\release\rendertarget.obj
c:\klink\framework\graphics\x64\release\rasterizerstatemanager.obj
c:\klink\framework\graphics\x64\release\rasterizerstate.obj
c:\klink\framework\graphics\x64\release\model.obj
c:\klink\framework\graphics\x64\release\meshio.obj
c:\klink\framework\graphics\x64\release\blendstatemanager.obj
c:\klink\framework\graphics\x64\release\blendstate.obj
c:\klink\framework\graphics\x64\release\animator.obj
c:\klink\framework\graphics\x64\release\animationbuilder.obj
c:\klink\framework\graphics\x64\release\animation.obj
c:\klink\framework\graphics\x64\release\vertexshader.obj
c:\klink\framework\graphics\x64\release\texturemanager.obj
c:\klink\framework\graphics\x64\release\texture.obj
c:\klink\framework\graphics\x64\release\simpledraw.obj
c:\klink\framework\graphics\x64\release\sampler.obj
c:\klink\framework\graphics\x64\release\pixelshader.obj
c:\klink\framework\graphics\x64\release\meshbuilder.obj
c:\klink\framework\graphics\x64\release\meshbuffer.obj
c:\klink\x64\release\graphics.lib
c:\klink\framework\graphics\x64\release\graphics.tlog\cl.command.1.tlog
c:\klink\framework\graphics\x64\release\graphics.tlog\cl.read.1.tlog
c:\klink\framework\graphics\x64\release\graphics.tlog\cl.write.1.tlog
c:\klink\framework\graphics\x64\release\graphics.tlog\lib-link.read.1.tlog
c:\klink\framework\graphics\x64\release\graphics.tlog\lib-link.write.1.tlog
c:\klink\framework\graphics\x64\release\graphics.tlog\lib.command.1.tlog
