c:\klink\engine\klink\release\klink.pch
c:\klink\release\klink.pdb
c:\klink\engine\klink\release\precompiled.obj
c:\klink\engine\klink\release\world.obj
c:\klink\engine\klink\release\transformcomponent.obj
c:\klink\engine\klink\release\service.obj
c:\klink\engine\klink\release\metaregistration.obj
c:\klink\engine\klink\release\klink.obj
c:\klink\engine\klink\release\gameobjectfactory.obj
c:\klink\engine\klink\release\gameobject.obj
c:\klink\engine\klink\release\editor.obj
c:\klink\engine\klink\release\component.obj
c:\klink\engine\klink\release\collidercomponent.obj
c:\klink\engine\klink\release\app.obj
c:\klink\release\klink.lib
c:\klink\engine\klink\release\klink.tlog\cl.command.1.tlog
c:\klink\engine\klink\release\klink.tlog\cl.read.1.tlog
c:\klink\engine\klink\release\klink.tlog\cl.write.1.tlog
c:\klink\engine\klink\release\klink.tlog\lib-link.read.1.tlog
c:\klink\engine\klink\release\klink.tlog\lib-link.write.1.tlog
c:\klink\engine\klink\release\klink.tlog\lib.command.1.tlog
