c:\projects\klink\engine\klink\x64\debug\klink.pch
c:\projects\klink\x64\debug\klink.pdb
c:\projects\klink\x64\debug\klink.idb
c:\projects\klink\engine\klink\x64\debug\precompiled.obj
c:\projects\klink\engine\klink\x64\debug\world.obj
c:\projects\klink\engine\klink\x64\debug\transformcomponent.obj
c:\projects\klink\engine\klink\x64\debug\service.obj
c:\projects\klink\engine\klink\x64\debug\metaregistration.obj
c:\projects\klink\engine\klink\x64\debug\klink.obj
c:\projects\klink\engine\klink\x64\debug\gameobjectfactory.obj
c:\projects\klink\engine\klink\x64\debug\gameobject.obj
c:\projects\klink\engine\klink\x64\debug\editor.obj
c:\projects\klink\engine\klink\x64\debug\component.obj
c:\projects\klink\engine\klink\x64\debug\collidercomponent.obj
c:\projects\klink\engine\klink\x64\debug\app.obj
c:\projects\klink\x64\debug\klink.lib
c:\projects\klink\engine\klink\x64\debug\klink.tlog\cl.command.1.tlog
c:\projects\klink\engine\klink\x64\debug\klink.tlog\cl.read.1.tlog
c:\projects\klink\engine\klink\x64\debug\klink.tlog\cl.write.1.tlog
c:\projects\klink\engine\klink\x64\debug\klink.tlog\lib-link.read.1.tlog
c:\projects\klink\engine\klink\x64\debug\klink.tlog\lib-link.write.1.tlog
c:\projects\klink\engine\klink\x64\debug\klink.tlog\lib.command.1.tlog
