c:\klink\framework\graphics\release\graphics.pch
c:\klink\release\graphics.pdb
c:\klink\framework\graphics\release\precompiled.obj
c:\klink\framework\graphics\release\graphicssystem.obj
c:\klink\framework\graphics\release\debugui.obj
c:\klink\framework\graphics\release\constantbuffer.obj
c:\klink\framework\graphics\release\camera.obj
c:\klink\framework\graphics\release\spriterenderer.obj
c:\klink\framework\graphics\release\sprite.obj
c:\klink\framework\graphics\release\skeleton.obj
c:\klink\framework\graphics\release\shadermanager.obj
c:\klink\framework\graphics\release\d3dutilities.obj
c:\klink\framework\graphics\release\samplermanager.obj
c:\klink\framework\graphics\release\rendertarget.obj
c:\klink\framework\graphics\release\rasterizerstatemanager.obj
c:\klink\framework\graphics\release\rasterizerstate.obj
c:\klink\framework\graphics\release\model.obj
c:\klink\framework\graphics\release\meshio.obj
c:\klink\framework\graphics\release\blendstatemanager.obj
c:\klink\framework\graphics\release\blendstate.obj
c:\klink\framework\graphics\release\animator.obj
c:\klink\framework\graphics\release\animationbuilder.obj
c:\klink\framework\graphics\release\animation.obj
c:\klink\framework\graphics\release\vertexshader.obj
c:\klink\framework\graphics\release\texturemanager.obj
c:\klink\framework\graphics\release\texture.obj
c:\klink\framework\graphics\release\simpledraw.obj
c:\klink\framework\graphics\release\sampler.obj
c:\klink\framework\graphics\release\pixelshader.obj
c:\klink\framework\graphics\release\meshbuilder.obj
c:\klink\framework\graphics\release\meshbuffer.obj
c:\klink\release\graphics.lib
c:\klink\framework\graphics\release\graphics.tlog\cl.command.1.tlog
c:\klink\framework\graphics\release\graphics.tlog\cl.read.1.tlog
c:\klink\framework\graphics\release\graphics.tlog\cl.write.1.tlog
c:\klink\framework\graphics\release\graphics.tlog\lib-link.read.1.tlog
c:\klink\framework\graphics\release\graphics.tlog\lib-link.write.1.tlog
c:\klink\framework\graphics\release\graphics.tlog\lib.command.1.tlog
