c:\klink\framework\graphics\x64\debug\graphics.pch
c:\klink\x64\debug\graphics.pdb
c:\klink\x64\debug\graphics.idb
c:\klink\framework\graphics\x64\debug\precompiled.obj
c:\klink\framework\graphics\x64\debug\graphicssystem.obj
c:\klink\framework\graphics\x64\debug\debugui.obj
c:\klink\framework\graphics\x64\debug\constantbuffer.obj
c:\klink\framework\graphics\x64\debug\camera.obj
c:\klink\framework\graphics\x64\debug\spriterenderer.obj
c:\klink\framework\graphics\x64\debug\sprite.obj
c:\klink\framework\graphics\x64\debug\skeleton.obj
c:\klink\framework\graphics\x64\debug\shadermanager.obj
c:\klink\framework\graphics\x64\debug\d3dutilities.obj
c:\klink\framework\graphics\x64\debug\samplermanager.obj
c:\klink\framework\graphics\x64\debug\rendertarget.obj
c:\klink\framework\graphics\x64\debug\rasterizerstatemanager.obj
c:\klink\framework\graphics\x64\debug\rasterizerstate.obj
c:\klink\framework\graphics\x64\debug\model.obj
c:\klink\framework\graphics\x64\debug\meshio.obj
c:\klink\framework\graphics\x64\debug\blendstatemanager.obj
c:\klink\framework\graphics\x64\debug\blendstate.obj
c:\klink\framework\graphics\x64\debug\animator.obj
c:\klink\framework\graphics\x64\debug\animationbuilder.obj
c:\klink\framework\graphics\x64\debug\animation.obj
c:\klink\framework\graphics\x64\debug\vertexshader.obj
c:\klink\framework\graphics\x64\debug\texturemanager.obj
c:\klink\framework\graphics\x64\debug\texture.obj
c:\klink\framework\graphics\x64\debug\simpledraw.obj
c:\klink\framework\graphics\x64\debug\sampler.obj
c:\klink\framework\graphics\x64\debug\pixelshader.obj
c:\klink\framework\graphics\x64\debug\meshbuilder.obj
c:\klink\framework\graphics\x64\debug\meshbuffer.obj
c:\klink\x64\debug\graphics.lib
c:\klink\framework\graphics\x64\debug\graphics.tlog\cl.command.1.tlog
c:\klink\framework\graphics\x64\debug\graphics.tlog\cl.read.1.tlog
c:\klink\framework\graphics\x64\debug\graphics.tlog\cl.write.1.tlog
c:\klink\framework\graphics\x64\debug\graphics.tlog\lib-link.read.1.tlog
c:\klink\framework\graphics\x64\debug\graphics.tlog\lib-link.write.1.tlog
c:\klink\framework\graphics\x64\debug\graphics.tlog\lib.command.1.tlog
